********************************************************************************
DUPLICATOR-LITE PACKAGE-LOG: 2017-05-12 19:51:55
NOTICE: Do NOT post to public sites or forums 
********************************************************************************
VERSION:	1.2.6
WORDPRESS:	4.7.4
PHP INFO:	7.0.12 | SAPI: apache2handler
SERVER:		Apache/2.2.31 (Unix) mod_wsgi/3.5 Python/2.7.12 PHP/7.0.12 mod_ssl/2.2.31 OpenSSL/1.0.2j DAV/2 mod_fastcgi/2.4.6 mod_perl/2.0.9 Perl/v5.24.0 
PHP TIME LIMIT: (0) no time limit imposed 
PHP MAX MEMORY: 2048M (128M default) 
MEMORY STACK: 6MB 

********************************************************************************
DATABASE:
********************************************************************************
BUILD MODE:   PHP(query limit - 100)
MYSQLTIMEOUT: 5000
MYSQLDUMP:    Not Supported 
TABLES: total:13 | filtered:0 | create:13 
FILTERED: [] 
SQL CREATED: 20170512_videoinstitute_c33b67d453d38d562558170512195150_database.sql 
SQL FILE SIZE: 698.55KB (715312) 
SQL FILE TIME: 2017-05-12 19:51:55 
SQL RUNTIME: 0.05 sec. 

******************************************************************************** 
ARCHIVE (ZIP): 
******************************************************************************** 
ARCHIVE DIR:  /Applications/MAMP/htdocs/videoinstitute 
ARCHIVE FILE: 20170512_videoinstitute_c33b67d453d38d562558170512195150_archive.zip 
FILTERS: *ON* 
DIRS: not set 
EXTS:  zip;rar;tar;gz;bz2;7z; 
---------------------------------------- 
COMPRESSING 
SIZE:	25.8MB 
STATS:	Dirs 189 | Files 1,702 
SQL ADDED: 20170512_videoinstitute_c33b67d453d38d562558170512195150_database.sql 
ZipArchive Object
(
    [status] => 0
    [statusSys] => 0
    [numFiles] => 1891
    [filename] => /Applications/MAMP/htdocs/videoinstitute/wp-snapshots/tmp/20170512_videoinstitute_c33b67d453d38d562558170512195150_archive.zip
    [comment] => 
)
 
COMPRESSION RESULT: '1' 
COMPRESSED SIZE: 10.32MB 
ARCHIVE RUNTIME: 3.32 sec. 
MEMORY STACK: 6MB 

******************************************************************************** 
MAKE INSTALLER: 
******************************************************************************** 
Build Start 
Build Finished 
Preping for use 
Template parsed with new data 
Complete [/Applications/MAMP/htdocs/videoinstitute/wp-snapshots/tmp/20170512_videoinstitute_c33b67d453d38d562558170512195150_installer.php] 
Added to archive 

******************************************************************************** 
INTEGRITY CHECKS: 
******************************************************************************** 
SQL File: 698.55KB 
Installer File: 422.12KB 
Archive File: 10.32MB  

********************************************************************************
RECORD ID:[1]
TOTAL PROCESS RUNTIME: 3.65 sec.
PEAK PHP MEMORY USED: 8MB
DONE PROCESSING => 20170512_videoinstitute 2017-05-12 19:51:59
 
